0 verbose cli /usr/local/bin/node /usr/local/bin/npm
1 info using npm@8.11.0
2 info using node@v16.16.0
3 timing npm:load:whichnode Completed in 0ms
4 timing config:load:defaults Completed in 2ms
5 timing config:load:file:/usr/local/lib/node_modules/npm/npmrc Completed in 1ms
6 timing config:load:builtin Completed in 1ms
7 timing config:load:cli Completed in 4ms
8 timing config:load:env Completed in 1ms
9 timing config:load:file:/Users/ployunchit/Library/Caches/typescript/4.7/.npmrc Completed in 0ms
10 timing config:load:project Completed in 14ms
11 timing config:load:file:/Users/ployunchit/.npmrc Completed in 0ms
12 timing config:load:user Completed in 0ms
13 timing config:load:file:/usr/local/etc/npmrc Completed in 0ms
14 timing config:load:global Completed in 0ms
15 timing config:load:validate Completed in 0ms
16 timing config:load:credentials Completed in 1ms
17 timing config:load:setEnvs Completed in 1ms
18 timing config:load Completed in 24ms
19 timing npm:load:configload Completed in 24ms
20 timing npm:load:mkdirpcache Completed in 1ms
21 timing npm:load:mkdirplogs Completed in 0ms
22 verbose title npm install types-registry@latest
23 verbose argv "install" "--ignore-scripts" "types-registry@latest"
24 timing npm:load:setTitle Completed in 25ms
25 timing config:load:flatten Completed in 3ms
26 timing npm:load:display Completed in 3ms
27 verbose logfile logs-max:10 dir:/Users/ployunchit/.npm/_logs
28 verbose logfile /Users/ployunchit/.npm/_logs/2022-08-02T01_56_24_464Z-debug-0.log
29 timing npm:load:logFile Completed in 5ms
30 timing npm:load:timers Completed in 7ms
31 timing npm:load:configScope Completed in 0ms
32 timing npm:load Completed in 77ms
33 timing arborist:ctor Completed in 1ms
34 silly logfile start cleaning logs, removing 1 files
35 silly logfile done cleaning log files
36 timing idealTree:init Completed in 105ms
37 timing arborist:ctor Completed in 0ms
38 http fetch GET 200 https://registry.npmjs.org/types-registry 340ms (cache revalidated)
39 timing idealTree:userRequests Completed in 349ms
40 silly idealTree buildDeps
41 silly fetch manifest types-registry@0.1.603
42 silly placeDep ROOT types-registry@0.1.603 REPLACE for:  want: 0.1.603
43 timing idealTree:#root Completed in 5ms
44 timing idealTree:node_modules/types-registry Completed in 0ms
45 timing idealTree:buildDeps Completed in 7ms
46 timing idealTree:fixDepFlags Completed in 0ms
47 timing idealTree Completed in 465ms
48 timing reify:loadTrees Completed in 466ms
49 timing reify:diffTrees Completed in 2ms
50 silly reify moves {}
51 timing reify:retireShallow Completed in 1ms
52 timing reify:createSparse Completed in 0ms
53 timing reify:loadBundles Completed in 0ms
54 silly audit bulk request {
54 silly audit   '@jest/schemas': [ '28.1.3' ],
54 silly audit   '@sinclair/typebox': [ '0.24.25' ],
54 silly audit   '@types/jest': [ '28.1.6' ],
54 silly audit   '@types/prop-types': [ '15.7.5' ],
54 silly audit   '@types/react': [ '18.0.15' ],
54 silly audit   '@types/react-dom': [ '18.0.6' ],
54 silly audit   '@types/scheduler': [ '0.16.2' ],
54 silly audit   '@types/testing-library__jest-dom': [ '5.14.5' ],
54 silly audit   'ansi-regex': [ '5.0.1' ],
54 silly audit   'ansi-styles': [ '4.3.0', '5.2.0' ],
54 silly audit   chalk: [ '4.1.2' ],
54 silly audit   'color-convert': [ '2.0.1' ],
54 silly audit   'color-name': [ '1.1.4' ],
54 silly audit   csstype: [ '3.1.0' ],
54 silly audit   'diff-sequences': [ '28.1.1' ],
54 silly audit   'has-flag': [ '4.0.0' ],
54 silly audit   'jest-diff': [ '28.1.3' ],
54 silly audit   'jest-get-type': [ '28.0.2' ],
54 silly audit   'jest-matcher-utils': [ '28.1.3' ],
54 silly audit   'pretty-format': [ '28.1.3' ],
54 silly audit   'react-is': [ '18.2.0' ],
54 silly audit   'supports-color': [ '7.2.0' ],
54 silly audit   'types-registry': [ '0.1.603' ]
54 silly audit }
55 timing reify:unpack Completed in 1ms
56 timing reify:unretire Completed in 0ms
57 timing build:queue Completed in 0ms
58 timing build:deps Completed in 0ms
59 timing build Completed in 0ms
60 timing reify:build Completed in 1ms
61 timing reify:trash Completed in 0ms
62 timing reify:save Completed in 14ms
63 http fetch POST 200 https://registry.npmjs.org/-/npm/v1/security/advisories/bulk 159ms
64 timing auditReport:getReport Completed in 161ms
65 silly audit report {}
66 timing auditReport:init Completed in 0ms
67 timing reify:audit Completed in 162ms
68 timing reify Completed in 638ms
69 timing command:install Completed in 647ms
70 verbose exit 0
71 timing npm Completed in 843ms
72 info ok
