0 verbose cli /usr/local/bin/node /usr/local/bin/npm
1 info using npm@8.11.0
2 info using node@v16.16.0
3 timing npm:load:whichnode Completed in 0ms
4 timing config:load:defaults Completed in 1ms
5 timing config:load:file:/usr/local/lib/node_modules/npm/npmrc Completed in 3ms
6 timing config:load:builtin Completed in 3ms
7 timing config:load:cli Completed in 1ms
8 timing config:load:env Completed in 1ms
9 timing config:load:project Completed in 8ms
10 timing config:load:file:/Users/ployunchit/.npmrc Completed in 0ms
11 timing config:load:user Completed in 0ms
12 timing config:load:file:/usr/local/etc/npmrc Completed in 0ms
13 timing config:load:global Completed in 0ms
14 timing config:load:validate Completed in 0ms
15 timing config:load:credentials Completed in 1ms
16 timing config:load:setEnvs Completed in 0ms
17 timing config:load Completed in 17ms
18 timing npm:load:configload Completed in 18ms
19 timing npm:load:mkdirpcache Completed in 0ms
20 timing npm:load:mkdirplogs Completed in 1ms
21 verbose title npm install
22 verbose argv "install"
23 timing npm:load:setTitle Completed in 17ms
24 timing config:load:flatten Completed in 2ms
25 timing npm:load:display Completed in 3ms
26 verbose logfile logs-max:10 dir:/Users/ployunchit/.npm/_logs
27 verbose logfile /Users/ployunchit/.npm/_logs/2022-08-02T01_53_59_252Z-debug-0.log
28 timing npm:load:logFile Completed in 4ms
29 timing npm:load:timers Completed in 0ms
30 timing npm:load:configScope Completed in 0ms
31 timing npm:load Completed in 44ms
32 timing arborist:ctor Completed in 0ms
33 silly logfile start cleaning logs, removing 2 files
34 silly logfile done cleaning log files
35 timing idealTree:init Completed in 8ms
36 timing idealTree:userRequests Completed in 1ms
37 silly idealTree buildDeps
38 timing idealTree:#root Completed in 0ms
39 timing idealTree:buildDeps Completed in 1ms
40 timing idealTree:fixDepFlags Completed in 0ms
41 timing idealTree Completed in 11ms
42 timing arborist:ctor Completed in 0ms
43 timing reify:loadTrees Completed in 17ms
44 timing reify:diffTrees Completed in 1ms
45 silly reify moves {}
46 timing reify:retireShallow Completed in 1ms
47 timing reify:createSparse Completed in 1ms
48 timing reify:loadBundles Completed in 0ms
49 silly audit report null
50 timing reify:audit Completed in 0ms
51 timing reify:unpack Completed in 0ms
52 timing reify:unretire Completed in 0ms
53 timing build:queue Completed in 0ms
54 timing build:deps Completed in 0ms
55 timing build Completed in 0ms
56 timing reify:build Completed in 0ms
57 timing reify:trash Completed in 0ms
58 timing reify:save Completed in 1ms
59 timing reify Completed in 33ms
60 timing command:install Completed in 36ms
61 verbose stack Error: ENOENT: no such file or directory, open '/Users/ployunchit/package.json'
62 verbose cwd /Users/ployunchit/Print/Intro_To_React/Ch04/04_01/finished
63 verbose Darwin 21.2.0
64 verbose node v16.16.0
65 verbose npm  v8.11.0
66 error code ENOENT
67 error syscall open
68 error path /Users/ployunchit/package.json
69 error errno -2
70 error enoent ENOENT: no such file or directory, open '/Users/ployunchit/package.json'
71 error enoent This is related to npm not being able to find a file.
71 error enoent
72 verbose exit -2
73 timing npm Completed in 139ms
74 verbose code -2
75 error A complete log of this run can be found in:
75 error     /Users/ployunchit/.npm/_logs/2022-08-02T01_53_59_252Z-debug-0.log
