0 verbose cli /usr/local/bin/node /usr/local/bin/npm
1 info using npm@8.11.0
2 info using node@v16.16.0
3 timing npm:load:whichnode Completed in 0ms
4 timing config:load:defaults Completed in 2ms
5 timing config:load:file:/usr/local/lib/node_modules/npm/npmrc Completed in 0ms
6 timing config:load:builtin Completed in 1ms
7 timing config:load:cli Completed in 2ms
8 timing config:load:env Completed in 0ms
9 timing config:load:project Completed in 9ms
10 timing config:load:file:/Users/ployunchit/.npmrc Completed in 0ms
11 timing config:load:user Completed in 0ms
12 timing config:load:file:/usr/local/etc/npmrc Completed in 0ms
13 timing config:load:global Completed in 0ms
14 timing config:load:validate Completed in 0ms
15 timing config:load:credentials Completed in 1ms
16 timing config:load:setEnvs Completed in 1ms
17 timing config:load Completed in 18ms
18 timing npm:load:configload Completed in 18ms
19 timing npm:load:mkdirpcache Completed in 1ms
20 timing npm:load:mkdirplogs Completed in 0ms
21 verbose title npm start
22 verbose argv "start"
23 timing npm:load:setTitle Completed in 17ms
24 timing config:load:flatten Completed in 2ms
25 timing npm:load:display Completed in 4ms
26 verbose logfile logs-max:10 dir:/Users/ployunchit/.npm/_logs
27 verbose logfile /Users/ployunchit/.npm/_logs/2022-08-02T01_53_46_312Z-debug-0.log
28 timing npm:load:logFile Completed in 4ms
29 timing npm:load:timers Completed in 0ms
30 timing npm:load:configScope Completed in 0ms
31 timing npm:load Completed in 44ms
32 silly logfile start cleaning logs, removing 1 files
33 timing command:run-script Completed in 3ms
34 timing command:start Completed in 5ms
35 verbose stack Error: ENOENT: no such file or directory, open '/Users/ployunchit/package.json'
36 verbose cwd /Users/ployunchit/Print/Intro_To_React/Ch04/04_01/finished
37 verbose Darwin 21.2.0
38 verbose node v16.16.0
39 verbose npm  v8.11.0
40 error code ENOENT
41 error syscall open
42 error path /Users/ployunchit/package.json
43 error errno -2
44 error enoent ENOENT: no such file or directory, open '/Users/ployunchit/package.json'
45 error enoent This is related to npm not being able to find a file.
45 error enoent
46 verbose exit -2
47 timing npm Completed in 58ms
48 verbose code -2
49 error A complete log of this run can be found in:
49 error     /Users/ployunchit/.npm/_logs/2022-08-02T01_53_46_312Z-debug-0.log
