0 verbose cli /usr/local/bin/node /usr/local/bin/npm
1 info using npm@8.11.0
2 info using node@v16.16.0
3 timing npm:load:whichnode Completed in 1ms
4 timing config:load:defaults Completed in 1ms
5 timing config:load:file:/usr/local/lib/node_modules/npm/npmrc Completed in 3ms
6 timing config:load:builtin Completed in 3ms
7 timing config:load:cli Completed in 1ms
8 timing config:load:env Completed in 1ms
9 timing config:load:project Completed in 8ms
10 timing config:load:file:/Users/ployunchit/.npmrc Completed in 0ms
11 timing config:load:user Completed in 1ms
12 timing config:load:file:/usr/local/etc/npmrc Completed in 0ms
13 timing config:load:global Completed in 0ms
14 timing config:load:validate Completed in 0ms
15 timing config:load:credentials Completed in 1ms
16 timing config:load:setEnvs Completed in 0ms
17 timing config:load Completed in 17ms
18 timing npm:load:configload Completed in 17ms
19 timing npm:load:mkdirpcache Completed in 0ms
20 timing npm:load:mkdirplogs Completed in 0ms
21 verbose title npm i
22 verbose argv "i"
23 timing npm:load:setTitle Completed in 17ms
24 timing config:load:flatten Completed in 2ms
25 timing npm:load:display Completed in 4ms
26 verbose logfile logs-max:10 dir:/Users/ployunchit/.npm/_logs
27 verbose logfile /Users/ployunchit/.npm/_logs/2022-08-02T01_53_24_011Z-debug-0.log
28 timing npm:load:logFile Completed in 4ms
29 timing npm:load:timers Completed in 0ms
30 timing npm:load:configScope Completed in 0ms
31 timing npm:load Completed in 44ms
32 timing arborist:ctor Completed in 1ms
33 silly logfile start cleaning logs, removing 3 files
34 timing arborist:ctor Completed in 0ms
35 silly logfile done cleaning log files
36 verbose shrinkwrap failed to load node_modules/.package-lock.json out of date, updated: node_modules
37 verbose shrinkwrap failed to load node_modules/.package-lock.json out of date, updated: node_modules
38 timing idealTree:init Completed in 77ms
39 timing idealTree:userRequests Completed in 0ms
40 silly idealTree buildDeps
41 timing idealTree:#root Completed in 0ms
42 timing idealTree:buildDeps Completed in 1ms
43 timing idealTree:fixDepFlags Completed in 1ms
44 timing idealTree Completed in 81ms
45 timing reify:loadTrees Completed in 82ms
46 timing reify:diffTrees Completed in 1ms
47 silly reify mark retired [ '/Users/ployunchit/node_modules/combined-stream' ]
48 silly reify mark retired [ '/Users/ployunchit/node_modules/callsites' ]
49 silly reify mark retired [ '/Users/ployunchit/node_modules/delayed-stream' ]
50 silly reify mark retired [ '/Users/ployunchit/node_modules/discord-api-types' ]
51 silly reify mark retired [ '/Users/ployunchit/node_modules/form-data' ]
52 silly reify mark retired [ '/Users/ployunchit/node_modules/dot-prop' ]
53 silly reify mark retired [ '/Users/ployunchit/node_modules/discord.js' ]
54 silly reify mark retired [ '/Users/ployunchit/node_modules/is-obj' ]
55 silly reify mark retired [ '/Users/ployunchit/node_modules/mime-types' ]
56 silly reify mark retired [ '/Users/ployunchit/node_modules/lodash.isequal' ]
57 silly reify mark retired [ '/Users/ployunchit/node_modules/ow' ]
58 silly reify mark retired [ '/Users/ployunchit/node_modules/asynckit' ]
59 silly reify mark retired [ '/Users/ployunchit/node_modules/mime-db' ]
60 silly reify mark retired [ '/Users/ployunchit/node_modules/tr46' ]
61 silly reify mark retired [ '/Users/ployunchit/node_modules/tslib' ]
62 silly reify mark retired [ '/Users/ployunchit/node_modules/node-fetch' ]
63 silly reify mark retired [ '/Users/ployunchit/node_modules/vali-date' ]
64 silly reify mark retired [ '/Users/ployunchit/node_modules/whatwg-url' ]
65 silly reify mark retired [ '/Users/ployunchit/node_modules/type-fest' ]
66 silly reify mark retired [ '/Users/ployunchit/node_modules/ws' ]
67 silly reify mark retired [ '/Users/ployunchit/node_modules/ts-mixer' ]
68 silly reify mark retired [ '/Users/ployunchit/node_modules/webidl-conversions' ]
69 silly reify mark retired [ '/Users/ployunchit/node_modules/@discordjs/collection' ]
70 silly reify mark retired [ '/Users/ployunchit/node_modules/@sapphire/async-queue' ]
71 silly reify mark retired [ '/Users/ployunchit/node_modules/@types/node' ]
72 silly reify mark retired [ '/Users/ployunchit/node_modules/@types/ws' ]
73 silly reify mark retired [ '/Users/ployunchit/node_modules/@types/node-fetch' ]
74 silly reify mark retired [ '/Users/ployunchit/node_modules/@sindresorhus/is' ]
75 silly reify mark retired [ '/Users/ployunchit/node_modules/@discordjs/form-data' ]
76 silly reify mark retired [ '/Users/ployunchit/node_modules/@discordjs/builders' ]
77 silly reify moves {
77 silly reify   '/Users/ployunchit/node_modules/combined-stream': '/Users/ployunchit/node_modules/.combined-stream-x5wAoXS3',
77 silly reify   '/Users/ployunchit/node_modules/callsites': '/Users/ployunchit/node_modules/.callsites-5kG32YzF',
77 silly reify   '/Users/ployunchit/node_modules/delayed-stream': '/Users/ployunchit/node_modules/.delayed-stream-FOfg2kew',
77 silly reify   '/Users/ployunchit/node_modules/discord-api-types': '/Users/ployunchit/node_modules/.discord-api-types-F8yRFcpj',
77 silly reify   '/Users/ployunchit/node_modules/form-data': '/Users/ployunchit/node_modules/.form-data-aIDG7wmR',
77 silly reify   '/Users/ployunchit/node_modules/dot-prop': '/Users/ployunchit/node_modules/.dot-prop-IyPjX66H',
77 silly reify   '/Users/ployunchit/node_modules/discord.js': '/Users/ployunchit/node_modules/.discord.js-kllyY0Sz',
77 silly reify   '/Users/ployunchit/node_modules/is-obj': '/Users/ployunchit/node_modules/.is-obj-AJsgqm81',
77 silly reify   '/Users/ployunchit/node_modules/mime-types': '/Users/ployunchit/node_modules/.mime-types-hi1tAbIj',
77 silly reify   '/Users/ployunchit/node_modules/lodash.isequal': '/Users/ployunchit/node_modules/.lodash.isequal-niJ2dtm9',
77 silly reify   '/Users/ployunchit/node_modules/ow': '/Users/ployunchit/node_modules/.ow-tjGnA2os',
77 silly reify   '/Users/ployunchit/node_modules/asynckit': '/Users/ployunchit/node_modules/.asynckit-VvNxktZj',
77 silly reify   '/Users/ployunchit/node_modules/mime-db': '/Users/ployunchit/node_modules/.mime-db-fsMEjxUm',
77 silly reify   '/Users/ployunchit/node_modules/tr46': '/Users/ployunchit/node_modules/.tr46-V14CnZQV',
77 silly reify   '/Users/ployunchit/node_modules/tslib': '/Users/ployunchit/node_modules/.tslib-H1p7fT8D',
77 silly reify   '/Users/ployunchit/node_modules/node-fetch': '/Users/ployunchit/node_modules/.node-fetch-ilW9avI0',
77 silly reify   '/Users/ployunchit/node_modules/vali-date': '/Users/ployunchit/node_modules/.vali-date-g35bGox2',
77 silly reify   '/Users/ployunchit/node_modules/whatwg-url': '/Users/ployunchit/node_modules/.whatwg-url-Nus3NFdl',
77 silly reify   '/Users/ployunchit/node_modules/type-fest': '/Users/ployunchit/node_modules/.type-fest-VDCM1YT8',
77 silly reify   '/Users/ployunchit/node_modules/ws': '/Users/ployunchit/node_modules/.ws-dGkrf5GI',
77 silly reify   '/Users/ployunchit/node_modules/ts-mixer': '/Users/ployunchit/node_modules/.ts-mixer-cBD8iqxK',
77 silly reify   '/Users/ployunchit/node_modules/webidl-conversions': '/Users/ployunchit/node_modules/.webidl-conversions-KFwZaCxC',
77 silly reify   '/Users/ployunchit/node_modules/@discordjs/collection': '/Users/ployunchit/node_modules/@discordjs/.collection-Sh6UIRX1',
77 silly reify   '/Users/ployunchit/node_modules/@sapphire/async-queue': '/Users/ployunchit/node_modules/@sapphire/.async-queue-HXkcEvhv',
77 silly reify   '/Users/ployunchit/node_modules/@types/node': '/Users/ployunchit/node_modules/@types/.node-xFjSVw4H',
77 silly reify   '/Users/ployunchit/node_modules/@types/ws': '/Users/ployunchit/node_modules/@types/.ws-sG5gz3oA',
77 silly reify   '/Users/ployunchit/node_modules/@types/node-fetch': '/Users/ployunchit/node_modules/@types/.node-fetch-Id8f06oE',
77 silly reify   '/Users/ployunchit/node_modules/@sindresorhus/is': '/Users/ployunchit/node_modules/@sindresorhus/.is-FAgkyAw5',
77 silly reify   '/Users/ployunchit/node_modules/@discordjs/form-data': '/Users/ployunchit/node_modules/@discordjs/.form-data-D420ynIs',
77 silly reify   '/Users/ployunchit/node_modules/@discordjs/builders': '/Users/ployunchit/node_modules/@discordjs/.builders-sW9qOwmW'
77 silly reify }
78 timing reify:retireShallow Completed in 24ms
79 timing reify:createSparse Completed in 0ms
80 timing reify:loadBundles Completed in 0ms
81 silly audit report null
82 timing reify:audit Completed in 0ms
83 timing reify:unpack Completed in 1ms
84 timing reify:unretire Completed in 0ms
85 timing build:queue Completed in 0ms
86 timing build:deps Completed in 0ms
87 timing build Completed in 0ms
88 timing reify:build Completed in 4ms
89 timing reify:trash Completed in 226ms
90 timing reify:save Completed in 2ms
91 timing reify Completed in 355ms
92 timing command:i Completed in 359ms
93 verbose stack Error: ENOENT: no such file or directory, open '/Users/ployunchit/package.json'
94 verbose cwd /Users/ployunchit/Print/Intro_To_React/Ch04/04_01/finished
95 verbose Darwin 21.2.0
96 verbose node v16.16.0
97 verbose npm  v8.11.0
98 error code ENOENT
99 error syscall open
100 error path /Users/ployunchit/package.json
101 error errno -2
102 error enoent ENOENT: no such file or directory, open '/Users/ployunchit/package.json'
103 error enoent This is related to npm not being able to find a file.
103 error enoent
104 verbose exit -2
105 timing npm Completed in 559ms
106 verbose code -2
107 error A complete log of this run can be found in:
107 error     /Users/ployunchit/.npm/_logs/2022-08-02T01_53_24_011Z-debug-0.log
